<?xml version="1.0" encoding="UTF-8"?>
<!-- Generated by org.testng.reporters.JUnitReportReporter -->
<testsuite skipped="0" hostname="sdatta" name="com.training.sanity.tests.RETC_015" tests="1" failures="0" timestamp="26 Jun 2019 03:03:34 GMT" time="45.822" errors="0">
  <testcase name="RETC_015" time="45.822" classname="com.training.sanity.tests.RETC_015"/>
</testsuite> <!-- com.training.sanity.tests.RETC_015 -->
