<?xml version="1.0" encoding="UTF-8"?>
<!-- Generated by org.testng.reporters.JUnitReportReporter -->
<testsuite skipped="0" hostname="sdatta" name="com.training.sanity.tests.LoginTests_RETC_011" tests="1" failures="0" timestamp="26 Jun 2019 09:39:54 GMT" time="40.836" errors="0">
  <testcase name="Test_RETC_011" time="40.836" classname="com.training.sanity.tests.LoginTests_RETC_011"/>
</testsuite> <!-- com.training.sanity.tests.LoginTests_RETC_011 -->
